 KPT            1  SPIN            1  KWEIGHT    1.0000000000000000     
     1   -23.611  2.00000
     2   -23.558  2.00000
     3   -23.558  2.00000
     4   -22.169  2.00000
     5   -22.169  2.00000
     6   -22.023  2.00000
     7   -21.701  2.00000
     8   -21.701  2.00000
     9   -21.613  2.00000
    10   -21.277  2.00000
    11   -20.886  2.00000
    12   -20.885  2.00000
    13   -20.501  2.00000
    14   -20.439  2.00000
    15   -20.439  2.00000
    16   -20.180  2.00000
    17   -20.180  2.00000
    18   -19.851  2.00000
    19   -19.344  2.00000
    20   -19.269  2.00000
    21   -19.269  2.00000
    22   -19.176  2.00000
    23   -19.107  2.00000
    24   -19.107  2.00000
    25   -18.746  2.00000
    26   -18.746  2.00000
    27   -18.564  2.00000
    28   -15.565  2.00000
    29   -15.564  2.00000
    30   -15.473  2.00000
    31   -15.225  2.00000
    32   -14.989  2.00000
    33   -14.988  2.00000
    34   -14.903  2.00000
    35   -14.736  2.00000
    36   -14.736  2.00000
    37   -12.959  2.00000
    38   -12.952  2.00000
    39   -12.952  2.00000
    40   -12.871  2.00000
    41   -12.817  2.00000
    42   -12.817  2.00000
    43   -12.735  2.00000
    44   -12.735  2.00000
    45   -12.515  2.00000
    46   -12.260  2.00000
    47   -12.151  2.00000
    48   -12.151  2.00000
    49   -11.675  2.00000
    50   -11.620  2.00000
    51   -11.620  2.00000
    52   -11.615  2.00000
    53   -11.615  2.00000
    54   -11.136  2.00000
    55   -10.913  2.00000
    56   -10.913  2.00000
    57   -10.881  2.00000
    58   -10.580  2.00000
    59   -10.461  2.00000
    60   -10.461  2.00000
    61   -10.206  2.00000
    62   -10.167  2.00000
    63   -10.167  2.00000
    64   -10.000  2.00000
    65    -9.998  2.00000
    66    -9.997  2.00000
    67    -9.811  2.00000
    68    -9.752  2.00000
    69    -9.752  2.00000
    70    -9.713  2.00000
    71    -9.713  2.00000
    72    -9.635  2.00000
    73    -9.135  2.00000
    74    -8.744  2.00000
    75    -8.743  2.00000
    76    -8.406  2.00000
    77    -8.406  2.00000
    78    -8.355  2.00000
    79    -8.287  2.00000
    80    -8.287  2.00000
    81    -8.278  2.00000
    82    -7.966  2.00000
    83    -7.965  2.00000
    84    -7.830  2.00000
    85    -7.819  2.00000
    86    -7.819  2.00000
    87    -7.668  2.00000
    88    -7.488  2.00000
    89    -7.487  2.00000
    90    -7.251  2.00000
    91    -6.576  2.00000
    92    -6.516  2.00000
    93    -6.516  2.00000
    94    -6.407  2.00000
    95    -6.407  2.00000
    96    -6.351  2.00000
    97    -6.264  2.00000
    98    -6.201  2.00000
    99    -6.201  2.00000
   100    -6.026  2.00000
   101    -6.025  2.00000
   102    -6.020  2.00000
   103    -5.836  2.00000
   104    -5.588  2.00000
   105    -5.588  2.00000
   106    -5.498  2.00000
   107    -5.350  2.00000
   108    -5.348  2.00000
   109    -2.121  0.00000
   110    -2.120  0.00000
   111    -1.518  0.00000
   112    -1.479  0.00000
   113    -1.266  0.00000
   114    -1.264  0.00000
   115    -1.099  0.00000
   116    -0.981  0.00000
   117    -0.981  0.00000
   118     1.325  0.00000
   119     1.578  0.00000
   120     1.579  0.00000
   121     1.797  0.00000
   122     1.918  0.00000
   123     1.919  0.00000
   124     3.958  0.00000
   125     3.959  0.00000
   126     4.081  0.00000
   127    11.646  0.00000
   128    11.662  0.00000
   129    11.668  0.00000
   130    11.806  0.00000
   131    11.813  0.00000
   132    12.144  0.00000
   133    12.195  0.00000
   134    12.206  0.00000
   135    12.337  0.00000
   136    14.143  0.00000
   137    14.162  0.00000
   138    14.163  0.00000
   139    15.154  0.00000
   140    15.580  0.00000
   141    15.582  0.00000
   142    15.746  0.00000
   143    15.753  0.00000
   144    15.759  0.00000
   145    16.369  0.00000
   146    16.371  0.00000
   147    16.413  0.00000
   148    17.287  0.00000
   149    17.377  0.00000
   150    17.381  0.00000
   151    18.289  0.00000
   152    18.289  0.00000
   153    18.291  0.00000
   154    19.468  0.00000
   155    19.470  0.00000
   156    19.538  0.00000
   157    19.604  0.00000
   158    19.607  0.00000
   159    19.710  0.00000
   160    23.536  0.00000
   161    23.713  0.00000
   162    23.767  0.00000
   163    23.776  0.00000
   164    23.936  0.00000
   165    23.941  0.00000
   166    24.661  0.00000
   167    24.691  0.00000
   168    24.696  0.00000
   169    24.863  0.00000
   170    24.867  0.00000
   171    24.882  0.00000
   172    26.922  0.00000
   173    26.928  0.00000
   174    27.062  0.00000
   175    29.239  0.00000
   176    29.241  0.00000
   177    29.306  0.00000
   178    29.312  0.00000
   179    29.354  0.00000
   180    29.404  0.00000
   181    30.658  0.00000
   182    30.663  0.00000
   183    30.677  0.00000
   184    32.261  0.00000
   185    32.266  0.00000
   186    32.331  0.00000
   187    32.335  0.00000
   188    32.336  0.00000
   189    32.445  0.00000

