 Fermi distribution function

Calculation with static geometry


********************************************************************************
 iSCC Total electronic   Diff electronic      SCC error    
   16   -0.10296394E+03    0.42632564E-13    0.16191590E-08
********************************************************************************

 Total charge:    -0.00000000

 Atomic gross charges (e)
 Atom           Charge
    1       0.51416854
    2      -0.30416190
    3      -0.49836749
    4       0.51280071
    5       0.53461820
    6       0.51282735
    7      -0.43535488
    8      -0.49667193
    9      -0.49648466
   10      -0.13505642
   11      -0.43547009
   12       0.53460270
   13       0.51280780
   14       0.51415869
   15       0.51280110
   16       0.50266796
   17       0.51415963
   18      -0.49852454
   19      -0.44697055
   20      -0.44720760
   21      -0.44731660
   22      -0.13507204
   23      -0.49656337
   24      -0.49649371
   25      -0.49850159
   26       0.51409296
   27      -0.44731108
   28      -0.30395321
   29      -0.49852651
   30       0.50272621
   31       0.51420548
   32       0.50274952
   33       0.51411314
   34       0.51283983
   35       0.51278539
   36       0.53461077
   37      -0.49858882
   38      -0.44720613
   39      -0.30409846
   40      -0.49842085
   41      -0.49638909
   42      -0.49653129
   43      -0.13512457
   44      -0.44715666
   45      -0.43547936
   46       0.21938118
   47       0.21944043
   48       0.21942400
   49       0.21941030
   50       0.21944560
   51       0.21941135
   52       0.22890654
   53       0.22891463
   54       0.22893337

Nr. of electrons (up):    216.00000000
Atom populations (up)
 Atom       Population
    1       3.48583146
    2       5.30416190
    3       5.49836749
    4       3.48719929
    5       3.46538180
    6       3.48717265
    7       5.43535488
    8       5.49667193
    9       5.49648466
   10       5.13505642
   11       5.43547009
   12       3.46539730
   13       3.48719220
   14       3.48584131
   15       3.48719890
   16       3.49733204
   17       3.48584037
   18       5.49852454
   19       5.44697055
   20       5.44720760
   21       5.44731660
   22       5.13507204
   23       5.49656337
   24       5.49649371
   25       5.49850159
   26       3.48590704
   27       5.44731108
   28       5.30395321
   29       5.49852651
   30       3.49727379
   31       3.48579452
   32       3.49725048
   33       3.48588686
   34       3.48716017
   35       3.48721461
   36       3.46538923
   37       5.49858882
   38       5.44720613
   39       5.30409846
   40       5.49842085
   41       5.49638909
   42       5.49653129
   43       5.13512457
   44       5.44715666
   45       5.43547936
   46       0.78061882
   47       0.78055957
   48       0.78057600
   49       0.78058970
   50       0.78055440
   51       0.78058865
   52       0.77109346
   53       0.77108537
   54       0.77106663

l-shell populations (up)
 Atom Sh.   l       Population
    1   1   0       1.06813252
    1   2   1       2.41769894
    2   1   0       1.43842367
    2   2   1       3.86573823
    3   1   0       1.48812364
    3   2   1       4.01024385
    4   1   0       1.04659830
    4   2   1       2.44060100
    5   1   0       1.06509524
    5   2   1       2.40028657
    6   1   0       1.04658969
    6   2   1       2.44058296
    7   1   0       1.43974271
    7   2   1       3.99561216
    8   1   0       1.48716159
    8   2   1       4.00951034
    9   1   0       1.48718053
    9   2   1       4.00930412
   10   1   0       1.40625669
   10   2   1       3.72879973
   11   1   0       1.43979410
   11   2   1       3.99567599
   12   1   0       1.06519290
   12   2   1       2.40020439
   13   1   0       1.04669830
   13   2   1       2.44049391
   14   1   0       1.06804009
   14   2   1       2.41780122
   15   1   0       1.04663012
   15   2   1       2.44056878
   16   1   0       1.05055939
   16   2   1       2.44677265
   17   1   0       1.06806166
   17   2   1       2.41777870
   18   1   0       1.48807540
   18   2   1       4.01044914
   19   1   0       1.48250857
   19   2   1       3.96446198
   20   1   0       1.48246053
   20   2   1       3.96474706
   21   1   0       1.48247036
   21   2   1       3.96484623
   22   1   0       1.40628747
   22   2   1       3.72878457
   23   1   0       1.48724920
   23   2   1       4.00931417
   24   1   0       1.48719787
   24   2   1       4.00929584
   25   1   0       1.48817924
   25   2   1       4.01032235
   26   1   0       1.06806414
   26   2   1       2.41784290
   27   1   0       1.48251914
   27   2   1       3.96479194
   28   1   0       1.43834524
   28   2   1       3.86560798
   29   1   0       1.48816284
   29   2   1       4.01036367
   30   1   0       1.05054395
   30   2   1       2.44672985
   31   1   0       1.06802939
   31   2   1       2.41776513
   32   1   0       1.05052435
   32   2   1       2.44672614
   33   1   0       1.06812794
   33   2   1       2.41775892
   34   1   0       1.04667719
   34   2   1       2.44048299
   35   1   0       1.04670454
   35   2   1       2.44051007
   36   1   0       1.06519682
   36   2   1       2.40019241
   37   1   0       1.48814515
   37   2   1       4.01044367
   38   1   0       1.48240601
   38   2   1       3.96480012
   39   1   0       1.43840250
   39   2   1       3.86569596
   40   1   0       1.48826063
   40   2   1       4.01016022
   41   1   0       1.48704280
   41   2   1       4.00934629
   42   1   0       1.48729292
   42   2   1       4.00923837
   43   1   0       1.40631835
   43   2   1       3.72880622
   44   1   0       1.48239050
   44   2   1       3.96476615
   45   1   0       1.43980391
   45   2   1       3.99567545
   46   1   0       0.78061882
   47   1   0       0.78055957
   48   1   0       0.78057600
   49   1   0       0.78058970
   50   1   0       0.78055440
   51   1   0       0.78058865
   52   1   0       0.77109346
   53   1   0       0.77108537
   54   1   0       0.77106663

Orbital populations (up)
 Atom Sh.   l   m       Population  Label
    1   1   0   0       1.06813252  s
    1   2   1  -1       0.77813600  p_y
    1   2   1   0       0.82436034  p_z
    1   2   1   1       0.81520260  p_x
    2   1   0   0       1.43842367  s
    2   2   1  -1       1.08445157  p_y
    2   2   1   0       1.69210799  p_z
    2   2   1   1       1.08917867  p_x
    3   1   0   0       1.48812364  s
    3   2   1  -1       1.18656037  p_y
    3   2   1   0       1.34678200  p_z
    3   2   1   1       1.47690148  p_x
    4   1   0   0       1.04659830  s
    4   2   1  -1       0.81828337  p_y
    4   2   1   0       0.84349202  p_z
    4   2   1   1       0.77882561  p_x
    5   1   0   0       1.06509524  s
    5   2   1  -1       0.80276600  p_y
    5   2   1   0       0.80878682  p_z
    5   2   1   1       0.78873374  p_x
    6   1   0   0       1.04658969  s
    6   2   1  -1       0.75748201  p_y
    6   2   1   0       0.84347230  p_z
    6   2   1   1       0.83962864  p_x
    7   1   0   0       1.43974271  s
    7   2   1  -1       1.09223260  p_y
    7   2   1   0       1.81383498  p_z
    7   2   1   1       1.08954459  p_x
    8   1   0   0       1.48716159  s
    8   2   1  -1       1.15858836  p_y
    8   2   1   0       1.34860573  p_z
    8   2   1   1       1.50231626  p_x
    9   1   0   0       1.48718053  s
    9   2   1  -1       1.64791201  p_y
    9   2   1   0       1.34857802  p_z
    9   2   1   1       1.01281409  p_x
   10   1   0   0       1.40625669  s
   10   2   1  -1       1.12340451  p_y
   10   2   1   0       1.48049876  p_z
   10   2   1   1       1.12489646  p_x
   11   1   0   0       1.43979410  s
   11   2   1  -1       1.08818363  p_y
   11   2   1   0       1.81393269  p_z
   11   2   1   1       1.09355967  p_x
   12   1   0   0       1.06519290  s
   12   2   1  -1       0.78179911  p_y
   12   2   1   0       0.80877225  p_z
   12   2   1   1       0.80963303  p_x
   13   1   0   0       1.04669830  s
   13   2   1  -1       0.81983304  p_y
   13   2   1   0       0.84348198  p_z
   13   2   1   1       0.77717889  p_x
   14   1   0   0       1.06804009  s
   14   2   1  -1       0.80329758  p_y
   14   2   1   0       0.82440839  p_z
   14   2   1   1       0.79009524  p_x
   15   1   0   0       1.04663012  s
   15   2   1  -1       0.81990866  p_y
   15   2   1   0       0.84348305  p_z
   15   2   1   1       0.77717706  p_x
   16   1   0   0       1.05055939  s
   16   2   1  -1       0.75672704  p_y
   16   2   1   0       0.84395130  p_z
   16   2   1   1       0.84609431  p_x
   17   1   0   0       1.06806166  s
   17   2   1  -1       0.80344777  p_y
   17   2   1   0       0.82436985  p_z
   17   2   1   1       0.78996108  p_x
   18   1   0   0       1.48807540  s
   18   2   1  -1       1.15928219  p_y
   18   2   1   0       1.34683922  p_z
   18   2   1   1       1.50432773  p_x
   19   1   0   0       1.48250857  s
   19   2   1  -1       1.64281909  p_y
   19   2   1   0       1.31702601  p_z
   19   2   1   1       1.00461689  p_x
   20   1   0   0       1.48246053  s
   20   2   1  -1       1.17739735  p_y
   20   2   1   0       1.31714160  p_z
   20   2   1   1       1.47020811  p_x
   21   1   0   0       1.48247036  s
   21   2   1  -1       1.64311699  p_y
   21   2   1   0       1.31710667  p_z
   21   2   1   1       1.00462257  p_x
   22   1   0   0       1.40628747  s
   22   2   1  -1       1.12556356  p_y
   22   2   1   0       1.48051143  p_z
   22   2   1   1       1.12270958  p_x
   23   1   0   0       1.48724920  s
   23   2   1  -1       1.18421177  p_y
   23   2   1   0       1.34861864  p_z
   23   2   1   1       1.47648376  p_x
   24   1   0   0       1.48719787  s
   24   2   1  -1       1.18465132  p_y
   24   2   1   0       1.34857547  p_z
   24   2   1   1       1.47606905  p_x
   25   1   0   0       1.48817924  s
   25   2   1  -1       1.15963484  p_y
   25   2   1   0       1.34694032  p_z
   25   2   1   1       1.50374719  p_x
   26   1   0   0       1.06806414  s
   26   2   1  -1       0.77820897  p_y
   26   2   1   0       0.82442200  p_z
   26   2   1   1       0.81521193  p_x
   27   1   0   0       1.48251914  s
   27   2   1  -1       1.17706292  p_y
   27   2   1   0       1.31715907  p_z
   27   2   1   1       1.47056996  p_x
   28   1   0   0       1.43834524  s
   28   2   1  -1       1.08452076  p_y
   28   2   1   0       1.69192715  p_z
   28   2   1   1       1.08916006  p_x
   29   1   0   0       1.48816284  s
   29   2   1  -1       1.18690790  p_y
   29   2   1   0       1.34696781  p_z
   29   2   1   1       1.47648795  p_x
   30   1   0   0       1.05054395  s
   30   2   1  -1       0.82369403  p_y
   30   2   1   0       0.84396282  p_z
   30   2   1   1       0.77907300  p_x
   31   1   0   0       1.06802939  s
   31   2   1  -1       0.80850180  p_y
   31   2   1   0       0.82438592  p_z
   31   2   1   1       0.78487741  p_x
   32   1   0   0       1.05052435  s
   32   2   1  -1       0.82375824  p_y
   32   2   1   0       0.84393183  p_z
   32   2   1   1       0.77903607  p_x
   33   1   0   0       1.06812794  s
   33   2   1  -1       0.80856513  p_y
   33   2   1   0       0.82437219  p_z
   33   2   1   1       0.78482159  p_x
   34   1   0   0       1.04667719  s
   34   2   1  -1       0.81821221  p_y
   34   2   1   0       0.84348248  p_z
   34   2   1   1       0.77878830  p_x
   35   1   0   0       1.04670454  s
   35   2   1  -1       0.75745438  p_y
   35   2   1   0       0.84346670  p_z
   35   2   1   1       0.83958900  p_x
   36   1   0   0       1.06519682  s
   36   2   1  -1       0.80260953  p_y
   36   2   1   0       0.80876803  p_z
   36   2   1   1       0.78881485  p_x
   37   1   0   0       1.48814515  s
   37   2   1  -1       1.64898039  p_y
   37   2   1   0       1.34689974  p_z
   37   2   1   1       1.01456353  p_x
   38   1   0   0       1.48240601  s
   38   2   1  -1       1.15127217  p_y
   38   2   1   0       1.31712779  p_z
   38   2   1   1       1.49640016  p_x
   39   1   0   0       1.43840250  s
   39   2   1  -1       1.09148502  p_y
   39   2   1   0       1.69205453  p_z
   39   2   1   1       1.08215641  p_x
   40   1   0   0       1.48826063  s
   40   2   1  -1       1.64876581  p_y
   40   2   1   0       1.34688886  p_z
   40   2   1   1       1.01450555  p_x
   41   1   0   0       1.48704280  s
   41   2   1  -1       1.64815085  p_y
   41   2   1   0       1.34838353  p_z
   41   2   1   1       1.01281191  p_x
   42   1   0   0       1.48729292  s
   42   2   1  -1       1.15872594  p_y
   42   2   1   0       1.34861583  p_z
   42   2   1   1       1.50189660  p_x
   43   1   0   0       1.40631835  s
   43   2   1  -1       1.12343134  p_y
   43   2   1   0       1.48052586  p_z
   43   2   1   1       1.12484902  p_x
   44   1   0   0       1.48239050  s
   44   2   1  -1       1.15105639  p_y
   44   2   1   0       1.31704383  p_z
   44   2   1   1       1.49666593  p_x
   45   1   0   0       1.43980391  s
   45   2   1  -1       1.09220580  p_y
   45   2   1   0       1.81393633  p_z
   45   2   1   1       1.08953332  p_x
   46   1   0   0       0.78061882  s
   47   1   0   0       0.78055957  s
   48   1   0   0       0.78057600  s
   49   1   0   0       0.78058970  s
   50   1   0   0       0.78055440  s
   51   1   0   0       0.78058865  s
   52   1   0   0       0.77109346  s
   53   1   0   0       0.77108537  s
   54   1   0   0       0.77106663  s

Fermi level:                        -0.1372371477 H           -3.7344 eV
Band energy:                       -99.4596577716 H        -2706.4350 eV
TS:                                  0.0000000000 H            0.0000 eV
Band free energy (E-TS):           -99.4596577716 H        -2706.4350 eV
Extrapolated E(0K):                -99.4596577716 H        -2706.4350 eV
Input / Output electrons (q):    216.0000000000    216.0000000000

Energy H0:                        -103.1443559274 H        -2806.7007 eV
Energy SCC:                          0.1804198144 H            4.9095 eV
Total Electronic energy:          -102.9639361130 H        -2801.7913 eV
Repulsive energy:                    4.0542673001 H          110.3222 eV
Dispersion energy:                   0.2844438070 H            7.7401 eV
Total energy:                      -98.6252250060 H        -2683.7289 eV
Extrapolated to 0:                 -98.6252250060 H        -2683.7289 eV
Total Mermin free energy:          -98.6252250060 H        -2683.7289 eV
Force related energy:              -98.6252250060 H        -2683.7289 eV

SCC converged

Total Forces
    1      0.006242623305     -0.064701091468     -0.000002321607
    2      0.072044292580      0.041471615326      0.000014123586
    3     -0.029797912574     -0.031702289091     -0.000006182734
    4      0.015825005718      0.012698629205      0.000007504854
    5     -0.072585489869      0.041679453892     -0.000008667056
    6     -0.002691016398     -0.019954108868     -0.000014723106
    7      0.075276783495     -0.043226288134      0.000006689639
    8     -0.038465482461     -0.013115864883      0.000018986304
    9     -0.008051783718      0.039885664745      0.000002187584
   10     -0.001360540675      0.000709679322     -0.000056077714
   11     -0.000081591401      0.086937738757      0.000005098704
   12      0.000088452347     -0.083719842290      0.000003457324
   13      0.018566756476      0.007680409110      0.000009492179
   14     -0.052903952353      0.037739620473     -0.000008669436
   15     -0.018932966782      0.007349449010     -0.000001604889
   16     -0.000419632146     -0.018238604559     -0.000013832416
   17      0.053063729941      0.037514523120     -0.000001783994
   18      0.042398829365     -0.009971923309     -0.000002805014
   19      0.002904911847      0.013600622667     -0.000024927904
   20      0.010301961228     -0.009204866719      0.000032089960
   21     -0.002411298368      0.013515649222     -0.000023003949
   22      0.000080331530     -0.001571070520     -0.000046388402
   23      0.030460343872     -0.026660561321      0.000019972295
   24     -0.030489974672     -0.026736640928      0.000014258078
   25     -0.042145933125     -0.010181554323      0.000026425907
   26     -0.006204747456     -0.064630499009      0.000000170874
   27     -0.010503131616     -0.008913235796      0.000023557907
   28     -0.071828777132      0.041742286770      0.000003197501
   29      0.029773951860     -0.031585228616      0.000008712494
   30     -0.015925484930      0.009138235695      0.000005983184
   31      0.058978837367      0.027126936188      0.000000414908
   32      0.015978186007      0.008883355285      0.000005481591
   33     -0.059098612496      0.027009471131      0.000001033105
   34     -0.015932110225      0.012386531944      0.000007871853
   35      0.002658674151     -0.020078630989     -0.000005015740
   36      0.072638470442      0.041553867244      0.000006936795
   37      0.012464183316      0.041653061541      0.000002624835
   38      0.013217780248     -0.004573579909      0.000025156072
   39      0.000183459709     -0.083175014164      0.000017945501
   40     -0.012331556148      0.041423039774     -0.000006750441
   41      0.007808738401      0.040039839325      0.000003997254
   42      0.038422662421     -0.012739979116      0.000000358106
   43      0.001350558148      0.000965360695     -0.000043361937
   44     -0.013253007242     -0.004367811872      0.000004242072
   45     -0.075234829129     -0.043616895157      0.000004473411
   46      0.000260970595      0.020367269746     -0.000009384420
   47     -0.017478958529     -0.010452130438      0.000005638221
   48      0.017783277658     -0.009919887831     -0.000018982947
   49     -0.017774158841     -0.009947005341      0.000011009144
   50     -0.000311088956      0.020355576134     -0.000013296159
   51      0.017508085850     -0.010423486051      0.000011852546
   52     -0.022962615757     -0.013210537744      0.000002581893
   53      0.022914978200     -0.013290270301      0.000006459725
   54     -0.000020183080      0.026481012426     -0.000012205542

Maximal derivative component:        0.869377E-01 au

Dipole moment:    0.00099270    0.00169607    0.00402284 au
Dipole moment:    0.00252320    0.00431099    0.01022504 Debye


