 KPT            1  SPIN            1  KWEIGHT    1.0000000000000000     
     1   -19.029  2.00000
     2   -16.924  2.00000
     3   -16.924  2.00000
     4   -16.924  2.00000
     5   -14.628  2.00000
     6   -14.628  2.00000
     7   -12.709  2.00000
     8   -12.709  2.00000
     9   -12.709  2.00000
    10   -11.001  2.00000
    11    -9.913  2.00000
    12    -9.618  2.00000
    13    -9.618  2.00000
    14    -9.618  2.00000
    15    -8.962  2.00000
    16    -8.962  2.00000
    17    -8.962  2.00000
    18    -8.489  2.00000
    19    -8.489  2.00000
    20    -8.489  2.00000
    21    -7.476  2.00000
    22    -7.476  2.00000
    23    -7.463  2.00000
    24    -7.463  2.00000
    25    -7.463  2.00000
    26    -6.594  2.00000
    27    -6.594  2.00000
    28    -6.594  2.00000
    29     6.197  0.00000
    30     6.197  0.00000
    31     6.198  0.00000
    32     8.603  0.00000
    33     8.603  0.00000
    34     8.603  0.00000
    35     8.638  0.00000
    36     8.639  0.00000
    37     8.806  0.00000
    38     9.450  0.00000
    39     9.450  0.00000
    40     9.450  0.00000
    41    11.389  0.00000
    42    11.389  0.00000
    43    11.389  0.00000
    44    12.443  0.00000
    45    12.443  0.00000
    46    12.443  0.00000
    47    13.007  0.00000
    48    14.726  0.00000
    49    14.726  0.00000
    50    14.727  0.00000
    51    14.818  0.00000
    52    14.819  0.00000
    53    16.064  0.00000
    54    16.064  0.00000
    55    16.064  0.00000
    56    17.979  0.00000

