 Fermi distribution function

Calculation with static geometry


********************************************************************************
 iSCC Total electronic   Diff electronic      SCC error    
    8   -0.22881889E+02   -0.17763568E-13    0.11721797E-08
********************************************************************************

 Total charge:    -0.00000000

 Atomic gross charges (e)
 Atom           Charge
    1      -0.11430587
    2      -0.00044726
    3      -0.11429760
    4      -0.00044870
    5      -0.11430512
    6      -0.11430376
    7      -0.00044577
    8      -0.11430381
    9      -0.00044504
   10      -0.11430383
   11       0.04588853
   12       0.04588452
   13       0.03424405
   14       0.04588522
   15       0.04588199
   16       0.03424362
   17       0.04588854
   18       0.04588662
   19       0.04588630
   20       0.04588645
   21       0.03424278
   22       0.04588772
   23       0.04588301
   24       0.03424324
   25       0.04588638
   26       0.04588780

Nr. of electrons (up):     56.00000000
Atom populations (up)
 Atom       Population
    1       4.11430587
    2       4.00044726
    3       4.11429760
    4       4.00044870
    5       4.11430512
    6       4.11430376
    7       4.00044577
    8       4.11430381
    9       4.00044504
   10       4.11430383
   11       0.95411147
   12       0.95411548
   13       0.96575595
   14       0.95411478
   15       0.95411801
   16       0.96575638
   17       0.95411146
   18       0.95411338
   19       0.95411370
   20       0.95411355
   21       0.96575722
   22       0.95411228
   23       0.95411699
   24       0.96575676
   25       0.95411362
   26       0.95411220

l-shell populations (up)
 Atom Sh.   l       Population
    1   1   0       1.25561756
    1   2   1       2.85868831
    2   1   0       1.21768000
    2   2   1       2.78276727
    3   1   0       1.25561276
    3   2   1       2.85868484
    4   1   0       1.21768152
    4   2   1       2.78276718
    5   1   0       1.25561575
    5   2   1       2.85868937
    6   1   0       1.25561436
    6   2   1       2.85868940
    7   1   0       1.21767975
    7   2   1       2.78276602
    8   1   0       1.25561635
    8   2   1       2.85868746
    9   1   0       1.21767831
    9   2   1       2.78276674
   10   1   0       1.25561432
   10   2   1       2.85868952
   11   1   0       0.95411147
   12   1   0       0.95411548
   13   1   0       0.96575595
   14   1   0       0.95411478
   15   1   0       0.95411801
   16   1   0       0.96575638
   17   1   0       0.95411146
   18   1   0       0.95411338
   19   1   0       0.95411370
   20   1   0       0.95411355
   21   1   0       0.96575722
   22   1   0       0.95411228
   23   1   0       0.95411699
   24   1   0       0.96575676
   25   1   0       0.95411362
   26   1   0       0.95411220

Orbital populations (up)
 Atom Sh.   l   m       Population  Label
    1   1   0   0       1.25561756  s
    1   2   1  -1       0.95415099  p_y
    1   2   1   0       0.95026652  p_z
    1   2   1   1       0.95427080  p_x
    2   1   0   0       1.21768000  s
    2   2   1  -1       0.92763188  p_y
    2   2   1   0       0.92761031  p_z
    2   2   1   1       0.92752508  p_x
    3   1   0   0       1.25561276  s
    3   2   1  -1       0.95026522  p_y
    3   2   1   0       0.95417990  p_z
    3   2   1   1       0.95423972  p_x
    4   1   0   0       1.21768152  s
    4   2   1  -1       0.92754592  p_y
    4   2   1   0       0.92761123  p_z
    4   2   1   1       0.92761003  p_x
    5   1   0   0       1.25561575  s
    5   2   1  -1       0.95421040  p_y
    5   2   1   0       0.95421097  p_z
    5   2   1   1       0.95026801  p_x
    6   1   0   0       1.25561436  s
    6   2   1  -1       0.95026693  p_y
    6   2   1   0       0.95424101  p_z
    6   2   1   1       0.95418146  p_x
    7   1   0   0       1.21767975  s
    7   2   1  -1       0.92763230  p_y
    7   2   1   0       0.92756687  p_z
    7   2   1   1       0.92756685  p_x
    8   1   0   0       1.25561635  s
    8   2   1  -1       0.95420950  p_y
    8   2   1   0       0.95421183  p_z
    8   2   1   1       0.95026612  p_x
    9   1   0   0       1.21767831  s
    9   2   1  -1       0.92754681  p_y
    9   2   1   0       0.92756617  p_z
    9   2   1   1       0.92765376  p_x
   10   1   0   0       1.25561432  s
   10   2   1  -1       0.95426961  p_y
   10   2   1   0       0.95026830  p_z
   10   2   1   1       0.95415161  p_x
   11   1   0   0       0.95411147  s
   12   1   0   0       0.95411548  s
   13   1   0   0       0.96575595  s
   14   1   0   0       0.95411478  s
   15   1   0   0       0.95411801  s
   16   1   0   0       0.96575638  s
   17   1   0   0       0.95411146  s
   18   1   0   0       0.95411338  s
   19   1   0   0       0.95411370  s
   20   1   0   0       0.95411355  s
   21   1   0   0       0.96575722  s
   22   1   0   0       0.95411228  s
   23   1   0   0       0.95411699  s
   24   1   0   0       0.96575676  s
   25   1   0   0       0.95411362  s
   26   1   0   0       0.95411220  s

Fermi level:                        -0.0072846962 H           -0.1982 eV
Band energy:                       -21.7869187404 H         -592.8522 eV
TS:                                  0.0000000000 H            0.0000 eV
Band free energy (E-TS):           -21.7869187404 H         -592.8522 eV
Extrapolated E(0K):                -21.7869187404 H         -592.8522 eV
Input / Output electrons (q):     56.0000000000     56.0000000000

Energy H0:                         -22.8864684767 H         -622.7725 eV
Energy SCC:                          0.0045796505 H            0.1246 eV
Total Electronic energy:           -22.8818888262 H         -622.6479 eV
Repulsive energy:                   -0.2971406549 H           -8.0856 eV
Dispersion energy:                   0.1457053945 H            3.9648 eV
Total energy:                      -23.0333240866 H         -626.7686 eV
Extrapolated to 0:                 -23.0333240866 H         -626.7686 eV
Total Mermin free energy:          -23.0333240866 H         -626.7686 eV
Force related energy:              -23.0333240866 H         -626.7686 eV

SCC converged

Total Forces
    1      0.000040502875      0.000005968009      0.011054121528
    2     -0.002456952752      0.002485294488      0.002489797818
    3      0.000077587454      0.011063972575      0.000002029057
    4      0.002487760877      0.002461079538     -0.002484599678
    5      0.011051843037     -0.000071200784     -0.000039803450
    6     -0.000071468058     -0.011055799981     -0.000000587381
    7      0.002469648102     -0.002495117053      0.002473403706
    8     -0.011057960149      0.000080722502      0.000033055758
    9     -0.002503648585     -0.002463040823     -0.002470034074
   10     -0.000032454869      0.000000433380     -0.011054396697
   11      0.005027221587      0.004963397627     -0.001136442300
   12     -0.005037738896     -0.004969493247     -0.001105608555
   13      0.001082118203     -0.001098401115     -0.001096226422
   14      0.005007858202     -0.001154526418      0.004979286738
   15     -0.005025163595     -0.001091027140     -0.004987773410
   16     -0.001095905134     -0.001085916103      0.001095513586
   17     -0.001168604301     -0.004990051845     -0.004991862056
   18     -0.001070769338      0.005008034091      0.005005999318
   19     -0.004974743307      0.001153250295      0.005012719879
   20      0.004989093723      0.001087524076     -0.005017977847
   21     -0.001088523695      0.001099054770     -0.001089093802
   22      0.001137043286      0.004991767330     -0.004999037692
   23      0.001106253490     -0.005008289860      0.004999685724
   24      0.001102323906      0.001084590863      0.001088707222
   25     -0.004963252696      0.005031230775      0.001136822690
   26      0.004967930635     -0.005033455950      0.001102300340

Maximal derivative component:        0.110640E-01 au

Dipole moment:   -0.00000046   -0.00000857   -0.00000590 au
Dipole moment:   -0.00000117   -0.00002179   -0.00001499 Debye


